[35m[Appium][39m Welcome to Appium v1.14.0
[35m[Appium][39m Non-default server args:
[35m[Appium][39m   port: 64957
[35m[Appium][39m   loglevel: info
[35m[Appium][39m   chromeDriverPort: 64958
[35m[Appium][39m   tmpDir: C:\Users\lumateo\AppData\Local\Temp\\Katalon\Appium\Temp1563312363500
[35m[Appium][39m Appium REST http interface listener started on 0.0.0.0:64957
[35m[HTTP][39m [37m-->[39m [37mGET[39m [37m/wd/hub/status[39m
[35m[HTTP][39m [90m{}[39m
[35m[HTTP][39m [37m<-- GET /wd/hub/status [39m[32m200[39m [90m4 ms - 68[39m
[35m[HTTP][39m [90m[39m
[35m[HTTP][39m [37m-->[39m [37mGET[39m [37m/wd/hub/status[39m
[35m[HTTP][39m [90m{}[39m
[35m[HTTP][39m [37m<-- GET /wd/hub/status [39m[32m200[39m [90m1 ms - 68[39m
[35m[HTTP][39m [90m[39m
[35m[HTTP][39m [37m-->[39m [37mPOST[39m [37m/wd/hub/session[39m
[35m[HTTP][39m [90m{"desiredCapabilities":{"app":"C:\\Users\\lumateo\\Downloads\\app-debug.apk","noReset":true,"newCommandTimeout":1800,"platformVersion":"9","automationName":"uiautomator2","autoGrantPermissions":true,"platformName":"Android","udid":"d2561e","deviceName":"Xiaomi Mi A2 (Android 9)","fullReset":false,"platform":"ANDROID"},"capabilities":{"firstMatch":[{"appium:app":"C:\\Users\\lumateo\\Downloads\\app-debug.apk","appium:autoGrantPermissions":true,"appium:automationName":"uiautomator2","appium:deviceName":"Xiaomi Mi A2 (Android 9)","appium:fullReset":false,"appium:newCommandTimeout":1800,"appium:noReset":true,"platform":"ANDROID","platformName":"android","appium:platformVersion":"9","appium:udid":"d2561e"}]}}[39m
[35m[BaseDriver][39m The capabilities ["platform"] are not standard capabilities and should have an extension prefix
[35m[Appium][39m Appium v1.14.0 creating new AndroidUiautomator2Driver (v1.33.1) session
[35m[Appium][39m Capabilities:
[35m[Appium][39m   platform: ANDROID
[35m[Appium][39m   platformName: android
[35m[Appium][39m   app: C:\Users\lumateo\Downloads\app-debug.apk
[35m[Appium][39m   autoGrantPermissions: true
[35m[Appium][39m   automationName: uiautomator2
[35m[Appium][39m   deviceName: Xiaomi Mi A2 (Android 9)
[35m[Appium][39m   fullReset: false
[35m[Appium][39m   newCommandTimeout: 1800
[35m[Appium][39m   noReset: true
[35m[Appium][39m   platformVersion: 9
[35m[Appium][39m   udid: d2561e
[35m[BaseDriver][39m The following capabilities were provided, but are not recognized by Appium:
[35m[BaseDriver][39m   platform
[35m[BaseDriver][39m Session created with session id: 8cc1fe20-a633-41e3-a763-c4682c970884
[35m[BaseDriver][39m Using local app 'C:\Users\lumateo\Downloads\app-debug.apk'
[35m[ADB][39m Cannot sort build-tools folders ["29.0.1","android-9"] by semantic version names.
[35m[ADB][39m Falling back to sorting by modification date. Original error: Invalid Version: android-9
[35m[ADB][39m Found 2 'build-tools' folders under 'C:\Users\lumateo\.katalon\tools\android_sdk' (newest first):
[35m[ADB][39m     C:/Users/lumateo/.katalon/tools/android_sdk/build-tools/29.0.1
[35m[ADB][39m     C:/Users/lumateo/.katalon/tools/android_sdk/build-tools/android-9
[35m[ADB][39m Using 'adb.exe' from 'C:\Users\lumateo\.katalon\tools\android_sdk\platform-tools\adb.exe'
[35m[AndroidDriver][39m Retrieving device list
[35m[AndroidDriver][39m Using device: d2561e
[35m[ADB][39m Using 'adb.exe' from 'C:\Users\lumateo\.katalon\tools\android_sdk\platform-tools\adb.exe'
[35m[UiAutomator2][39m Relaxing hidden api policy
[35m[ADB][39m Using the alternative activity name detection method because of: Could not find 'apkanalyzer.bat' in ["C:\\Users\\lumateo\\.katalon\\tools\\android_sdk\\platform-tools\\apkanalyzer.bat","C:\\Users\\lumateo\\.katalon\\tools\\android_sdk\\emulator\\apkanalyzer.bat","C:\\Users\\lumateo\\.katalon\\tools\\android_sdk\\tools\\apkanalyzer.bat","C:\\Users\\lumateo\\.katalon\\tools\\android_sdk\\tools\\bin\\apkanalyzer.bat","C:\\Users\\lumateo\\.katalon\\tools\\android_sdk\\build-tools\\29.0.1\\apkanalyzer.bat","C:\\Users\\lumateo\\.katalon\\tools\\android_sdk\\build-tools\\android-9\\apkanalyzer.bat"]. Do you have Android Build Tools installed at 'C:\Users\lumateo\.katalon\tools\android_sdk'?
[35m[ADB][39m Using 'aapt.exe' from 'C:\Users\lumateo\.katalon\tools\android_sdk\build-tools\29.0.1\aapt.exe'
[35m[ADB][39m Extracting package and launch activity from manifest
[35m[ADB][39m Package name: 'com.apap.softoken'
[35m[ADB][39m Main activity name: 'com.apap.softoken.MainActivity'
[35m[ADB][39m Using 'apksigner.bat' from 'C:\Users\lumateo\.katalon\tools\android_sdk\build-tools\29.0.1\apksigner.bat'
[35m[ADB][39m Using 'zipalign.exe' from 'C:\Users\lumateo\.katalon\tools\android_sdk\build-tools\29.0.1\zipalign.exe'
[35m[UiAutomator2][39m Server packages are going to be (re)installed
[35m[UiAutomator2][39m Full packages reinstall is going to be performed
[35m[ADB][39m io.appium.uiautomator2.server was successfully uninstalled
[35m[ADB][39m The application at 'C:\Users\lumateo\Documents\Appium\node_modules\appium\node_modules\appium-uiautomator2-server\apks\appium-uiautomator2-server-v3.7.0.apk' is already cached to '/data/local/tmp/appium_cache/fe3aa6662b6c999cf661d7626a50da395fd786f4.apk'
[35m[ADB][39m The installation of 'appium-uiautomator2-server-v3.7.0.apk' took 6.285s
[35m[ADB][39m io.appium.uiautomator2.server.test was successfully uninstalled
[35m[ADB][39m The application at 'C:\Users\lumateo\Documents\Appium\node_modules\appium\node_modules\appium-uiautomator2-server\apks\appium-uiautomator2-server-debug-androidTest.apk' is already cached to '/data/local/tmp/appium_cache/cad8c04fbd5464da6bcfc8fe6ec84d3f914941ca.apk'
[35m[ADB][39m The installation of 'appium-uiautomator2-server-debug-androidTest.apk' took 1.849s
[35m[ADB][39m Caching the application at 'C:\Users\lumateo\Downloads\app-debug.apk' to '/data/local/tmp/appium_cache/4c59c962a308f53fc078c48cc9026745cb286972.apk'
[35m[ADB][39m The upload of 'app-debug.apk' (60.04 MB) took 1.919s
[35m[ADB][39m The installation of 'app-debug.apk' took 4.432s
[35m[UiAutomator2][39m Starting UIAutomator2 server 3.7.0
[35m[UiAutomator2][39m Using UIAutomator2 server from 'C:\Users\lumateo\Documents\Appium\node_modules\appium\node_modules\appium-uiautomator2-server\apks\appium-uiautomator2-server-v3.7.0.apk' and test from 'C:\Users\lumateo\Documents\Appium\node_modules\appium\node_modules\appium-uiautomator2-server\apks\appium-uiautomator2-server-debug-androidTest.apk'
[35m[UiAutomator2][39m Waiting up to 30000ms for UiAutomator2 to be online...
[35m[UiAutomator2][39m The instrumentation process has been unexpectedly terminated. Retrying UiAutomator2 startup (#1 of 1)
[35m[ADB][39m No 'uiautomator' process has been found
[35m[UiAutomator2][39m Waiting up to 30000ms for UiAutomator2 to be online...
[35m[WD Proxy][39m Got an unexpected response: {"code":"ECONNRESET"}
[35m[WD Proxy][39m Got an unexpected response: {"code":"ECONNRESET"}
[35m[UiAutomator2][39m Did not get confirmation UiAutomator2 deleteSession worked; Error was: UnknownError: An unknown server-side error occurred while processing the command. Original error: Trying to proxy a session command without session id
[35m[UiAutomator2][39m Restoring hidden api policy to the device default configuration
[35m[HTTP][39m [37m<-- POST /wd/hub/session [39m[31m500[39m [90m27926 ms - 831[39m
[35m[HTTP][39m [90m[39m
